<?xml version="1.0" encoding="UTF-8"?>
<!-- Generated by org.testng.reporters.JUnitReportReporter -->
<testsuite hostname="ASDLAPBLR006" failures="0" tests="3" name="com.qa.tests.LoginPageTest" time="15.995" errors="0" timestamp="2024-07-23T11:07:07 IST" skipped="0">
  <testcase classname="com.qa.tests.LoginPageTest" name="Login" time="4.478"/>
  <system-out/>
  <testcase classname="com.qa.tests.LoginPageTest" name="Login" time="6.616"/>
  <system-out/>
  <testcase classname="com.qa.tests.LoginPageTest" name="Login" time="4.901"/>
  <system-out/>
</testsuite> <!-- com.qa.tests.LoginPageTest -->
