<?xml version="1.0" encoding="UTF-8"?>
<!-- Generated by org.testng.reporters.JUnitReportReporter -->
<testsuite hostname="ASDLAPBLR006" failures="0" tests="3" name="com.qa.tests.LoginPageTest" time="7.405" errors="0" timestamp="2024-07-17T14:50:52 IST" skipped="0">
  <testcase classname="com.qa.tests.LoginPageTest" name="Login" time="2.907"/>
  <system-out/>
  <testcase classname="com.qa.tests.LoginPageTest" name="Login" time="2.162"/>
  <system-out/>
  <testcase classname="com.qa.tests.LoginPageTest" name="Login" time="2.336"/>
  <system-out/>
</testsuite> <!-- com.qa.tests.LoginPageTest -->
