<?xml version="1.0" encoding="UTF-8"?>
<!-- Generated by org.testng.reporters.JUnitReportReporter -->
<testsuite hostname="ASDLAPBLR006" failures="0" tests="4" name="com.qa.tests.HomePageTest" time="53.808" errors="0" timestamp="2024-07-17T14:50:52 IST" skipped="0">
  <testcase classname="com.qa.tests.HomePageTest" name="verifyhometitle" time="2.630"/>
  <system-out/>
  <testcase classname="com.qa.tests.HomePageTest" name="CliconkMenuitems" time="4.436"/>
  <system-out/>
  <testcase classname="com.qa.tests.HomePageTest" name="Sortproduct" time="43.997"/>
  <system-out/>
  <testcase classname="com.qa.tests.HomePageTest" name="addprodcuttobag" time="2.745"/>
  <system-out/>
</testsuite> <!-- com.qa.tests.HomePageTest -->
